<?xml version="1.0" encoding="UTF-8"?>
<!-- Generated by org.testng.reporters.JUnitReportReporter -->
<testsuite skipped="0" hostname="Mohammeds-MacBook-Pro.local" name="com.usa.login.functions.ExcelandTestNGDatapProviderLogin" tests="1" failures="0" timestamp="2020-02-01T09:00:21 EST" time="20.526" errors="0">
  <testcase name="loginTest" time="20.526" classname="com.usa.login.functions.ExcelandTestNGDatapProviderLogin"/>
</testsuite> <!-- com.usa.login.functions.ExcelandTestNGDatapProviderLogin -->
